2025-10-26T09:30:31.979-05:00  INFO 12200 --- [SistemaBiblioteca] [JavaFX-Launcher] o.s.boot.SpringApplication               : Starting application using Java 24 with PID 12200 (started by PC in C:\Users\PC\Documents\dg1000\codigos github\POO_examen_U2\SistemaBiblioteca)
2025-10-26T09:30:31.992-05:00  INFO 12200 --- [SistemaBiblioteca] [JavaFX-Launcher] o.s.boot.SpringApplication               : No active profile set, falling back to 1 default profile: "default"
2025-10-26T09:30:34.099-05:00  INFO 12200 --- [SistemaBiblioteca] [JavaFX-Launcher] .s.d.r.c.RepositoryConfigurationDelegate : Bootstrapping Spring Data JPA repositories in DEFAULT mode.
2025-10-26T09:30:34.249-05:00  INFO 12200 --- [SistemaBiblioteca] [JavaFX-Launcher] .s.d.r.c.RepositoryConfigurationDelegate : Finished Spring Data repository scanning in 131 ms. Found 7 JPA repository interfaces.
2025-10-26T09:30:34.913-05:00  INFO 12200 --- [SistemaBiblioteca] [JavaFX-Launcher] o.hibernate.jpa.internal.util.LogHelper  : HHH000204: Processing PersistenceUnitInfo [name: default]
2025-10-26T09:30:35.041-05:00  INFO 12200 --- [SistemaBiblioteca] [JavaFX-Launcher] org.hibernate.Version                    : HHH000412: Hibernate ORM core version 6.6.29.Final
2025-10-26T09:30:35.106-05:00  INFO 12200 --- [SistemaBiblioteca] [JavaFX-Launcher] o.h.c.internal.RegionFactoryInitiator    : HHH000026: Second-level cache disabled
2025-10-26T09:30:35.733-05:00  INFO 12200 --- [SistemaBiblioteca] [JavaFX-Launcher] o.s.o.j.p.SpringPersistenceUnitInfo      : No LoadTimeWeaver setup: ignoring JPA class transformer
2025-10-26T09:30:35.795-05:00  INFO 12200 --- [SistemaBiblioteca] [JavaFX-Launcher] com.zaxxer.hikari.HikariDataSource       : HikariPool-1 - Starting...
2025-10-26T09:30:36.145-05:00  INFO 12200 --- [SistemaBiblioteca] [JavaFX-Launcher] com.zaxxer.hikari.pool.HikariPool        : HikariPool-1 - Added connection org.sqlite.jdbc4.JDBC4Connection@22cdc46a
2025-10-26T09:30:36.148-05:00  INFO 12200 --- [SistemaBiblioteca] [JavaFX-Launcher] com.zaxxer.hikari.HikariDataSource       : HikariPool-1 - Start completed.
2025-10-26T09:30:36.226-05:00  INFO 12200 --- [SistemaBiblioteca] [JavaFX-Launcher] org.hibernate.orm.connections.pooling    : HHH10001005: Database info:
	Database JDBC URL [Connecting through datasource 'HikariDataSource (HikariPool-1)']
	Database driver: undefined/unknown
	Database version: 3.46
	Autocommit mode: undefined/unknown
	Isolation level: undefined/unknown
	Minimum pool size: undefined/unknown
	Maximum pool size: undefined/unknown
2025-10-26T09:30:38.140-05:00  INFO 12200 --- [SistemaBiblioteca] [JavaFX-Launcher] o.h.e.t.j.p.i.JtaPlatformInitiator       : HHH000489: No JTA platform available (set 'hibernate.transaction.jta.platform' to enable JTA platform integration)
2025-10-26T09:30:38.208-05:00  WARN 12200 --- [SistemaBiblioteca] [JavaFX-Launcher] o.h.t.s.i.ExceptionHandlerLoggedImpl     : GenerationTarget encountered exception accepting command : Error executing DDL "alter table usuario add column nombre_usuario varchar(100) not null unique" via JDBC [[SQLITE_ERROR] SQL error or missing database (Cannot add a UNIQUE column)]

org.hibernate.tool.schema.spi.CommandAcceptanceException: Error executing DDL "alter table usuario add column nombre_usuario varchar(100) not null unique" via JDBC [[SQLITE_ERROR] SQL error or missing database (Cannot add a UNIQUE column)]
	at org.hibernate.tool.schema.internal.exec.GenerationTargetToDatabase.accept(GenerationTargetToDatabase.java:94) ~[hibernate-core-6.6.29.Final.jar:6.6.29.Final]
	at org.hibernate.tool.schema.internal.AbstractSchemaMigrator.applySqlString(AbstractSchemaMigrator.java:576) ~[hibernate-core-6.6.29.Final.jar:6.6.29.Final]
	at org.hibernate.tool.schema.internal.AbstractSchemaMigrator.applySqlStrings(AbstractSchemaMigrator.java:516) ~[hibernate-core-6.6.29.Final.jar:6.6.29.Final]
	at org.hibernate.tool.schema.internal.AbstractSchemaMigrator.migrateTable(AbstractSchemaMigrator.java:334) ~[hibernate-core-6.6.29.Final.jar:6.6.29.Final]
	at org.hibernate.tool.schema.internal.GroupedSchemaMigratorImpl.performTablesMigration(GroupedSchemaMigratorImpl.java:84) ~[hibernate-core-6.6.29.Final.jar:6.6.29.Final]
	at org.hibernate.tool.schema.internal.AbstractSchemaMigrator.performMigration(AbstractSchemaMigrator.java:233) ~[hibernate-core-6.6.29.Final.jar:6.6.29.Final]
	at org.hibernate.tool.schema.internal.AbstractSchemaMigrator.doMigration(AbstractSchemaMigrator.java:112) ~[hibernate-core-6.6.29.Final.jar:6.6.29.Final]
	at org.hibernate.tool.schema.spi.SchemaManagementToolCoordinator.performDatabaseAction(SchemaManagementToolCoordinator.java:280) ~[hibernate-core-6.6.29.Final.jar:6.6.29.Final]
	at org.hibernate.tool.schema.spi.SchemaManagementToolCoordinator.lambda$process$5(SchemaManagementToolCoordinator.java:144) ~[hibernate-core-6.6.29.Final.jar:6.6.29.Final]
	at java.base/java.util.HashMap.forEach(HashMap.java:1430) ~[na:na]
	at org.hibernate.tool.schema.spi.SchemaManagementToolCoordinator.process(SchemaManagementToolCoordinator.java:141) ~[hibernate-core-6.6.29.Final.jar:6.6.29.Final]
	at org.hibernate.boot.internal.SessionFactoryObserverForSchemaExport.sessionFactoryCreated(SessionFactoryObserverForSchemaExport.java:37) ~[hibernate-core-6.6.29.Final.jar:6.6.29.Final]
	at org.hibernate.internal.SessionFactoryObserverChain.sessionFactoryCreated(SessionFactoryObserverChain.java:35) ~[hibernate-core-6.6.29.Final.jar:6.6.29.Final]
	at org.hibernate.internal.SessionFactoryImpl.<init>(SessionFactoryImpl.java:324) ~[hibernate-core-6.6.29.Final.jar:6.6.29.Final]
	at org.hibernate.boot.internal.SessionFactoryBuilderImpl.build(SessionFactoryBuilderImpl.java:463) ~[hibernate-core-6.6.29.Final.jar:6.6.29.Final]
	at org.hibernate.jpa.boot.internal.EntityManagerFactoryBuilderImpl.build(EntityManagerFactoryBuilderImpl.java:1517) ~[hibernate-core-6.6.29.Final.jar:6.6.29.Final]
	at org.springframework.orm.jpa.vendor.SpringHibernateJpaPersistenceProvider.createContainerEntityManagerFactory(SpringHibernateJpaPersistenceProvider.java:66) ~[spring-orm-6.2.11.jar:6.2.11]
	at org.springframework.orm.jpa.LocalContainerEntityManagerFactoryBean.createNativeEntityManagerFactory(LocalContainerEntityManagerFactoryBean.java:390) ~[spring-orm-6.2.11.jar:6.2.11]
	at org.springframework.orm.jpa.AbstractEntityManagerFactoryBean.buildNativeEntityManagerFactory(AbstractEntityManagerFactoryBean.java:419) ~[spring-orm-6.2.11.jar:6.2.11]
	at org.springframework.orm.jpa.AbstractEntityManagerFactoryBean.afterPropertiesSet(AbstractEntityManagerFactoryBean.java:400) ~[spring-orm-6.2.11.jar:6.2.11]
	at org.springframework.orm.jpa.LocalContainerEntityManagerFactoryBean.afterPropertiesSet(LocalContainerEntityManagerFactoryBean.java:366) ~[spring-orm-6.2.11.jar:6.2.11]
	at org.springframework.beans.factory.support.AbstractAutowireCapableBeanFactory.invokeInitMethods(AbstractAutowireCapableBeanFactory.java:1873) ~[spring-beans-6.2.11.jar:6.2.11]
	at org.springframework.beans.factory.support.AbstractAutowireCapableBeanFactory.initializeBean(AbstractAutowireCapableBeanFactory.java:1822) ~[spring-beans-6.2.11.jar:6.2.11]
	at org.springframework.beans.factory.support.AbstractAutowireCapableBeanFactory.doCreateBean(AbstractAutowireCapableBeanFactory.java:607) ~[spring-beans-6.2.11.jar:6.2.11]
	at org.springframework.beans.factory.support.AbstractAutowireCapableBeanFactory.createBean(AbstractAutowireCapableBeanFactory.java:529) ~[spring-beans-6.2.11.jar:6.2.11]
	at org.springframework.beans.factory.support.AbstractBeanFactory.lambda$doGetBean$0(AbstractBeanFactory.java:339) ~[spring-beans-6.2.11.jar:6.2.11]
	at org.springframework.beans.factory.support.DefaultSingletonBeanRegistry.getSingleton(DefaultSingletonBeanRegistry.java:373) ~[spring-beans-6.2.11.jar:6.2.11]
	at org.springframework.beans.factory.support.AbstractBeanFactory.doGetBean(AbstractBeanFactory.java:337) ~[spring-beans-6.2.11.jar:6.2.11]
	at org.springframework.beans.factory.support.AbstractBeanFactory.getBean(AbstractBeanFactory.java:207) ~[spring-beans-6.2.11.jar:6.2.11]
	at org.springframework.context.support.AbstractApplicationContext.finishBeanFactoryInitialization(AbstractApplicationContext.java:970) ~[spring-context-6.2.11.jar:6.2.11]
	at org.springframework.context.support.AbstractApplicationContext.refresh(AbstractApplicationContext.java:627) ~[spring-context-6.2.11.jar:6.2.11]
	at org.springframework.boot.SpringApplication.refresh(SpringApplication.java:752) ~[spring-boot-3.5.6.jar:3.5.6]
	at org.springframework.boot.SpringApplication.refreshContext(SpringApplication.java:439) ~[spring-boot-3.5.6.jar:3.5.6]
	at org.springframework.boot.SpringApplication.run(SpringApplication.java:318) ~[spring-boot-3.5.6.jar:3.5.6]
	at org.springframework.boot.builder.SpringApplicationBuilder.run(SpringApplicationBuilder.java:149) ~[spring-boot-3.5.6.jar:3.5.6]
	at pe.edu.upeu.sistemabiblioteca.SistemaBibliotecaApplication.init(SistemaBibliotecaApplication.java:29) ~[classes/:na]
	at com.sun.javafx.application.LauncherImpl.launchApplication1(LauncherImpl.java:817) ~[javafx-graphics-21-win.jar:na]
	at com.sun.javafx.application.LauncherImpl.lambda$launchApplication$2(LauncherImpl.java:196) ~[javafx-graphics-21-win.jar:na]
	at java.base/java.lang.Thread.run(Thread.java:1447) ~[na:na]
Caused by: org.sqlite.SQLiteException: [SQLITE_ERROR] SQL error or missing database (Cannot add a UNIQUE column)
	at org.sqlite.core.DB.newSQLException(DB.java:1179) ~[sqlite-jdbc-3.46.0.0.jar:na]
	at org.sqlite.core.DB.newSQLException(DB.java:1190) ~[sqlite-jdbc-3.46.0.0.jar:na]
	at org.sqlite.core.DB.throwex(DB.java:1150) ~[sqlite-jdbc-3.46.0.0.jar:na]
	at org.sqlite.core.NativeDB.prepare_utf8(Native Method) ~[sqlite-jdbc-3.46.0.0.jar:na]
	at org.sqlite.core.NativeDB.prepare(NativeDB.java:132) ~[sqlite-jdbc-3.46.0.0.jar:na]
	at org.sqlite.core.DB.prepare(DB.java:264) ~[sqlite-jdbc-3.46.0.0.jar:na]
	at org.sqlite.jdbc3.JDBC3Statement.lambda$execute$0(JDBC3Statement.java:54) ~[sqlite-jdbc-3.46.0.0.jar:na]
	at org.sqlite.jdbc3.JDBC3Statement.withConnectionTimeout(JDBC3Statement.java:454) ~[sqlite-jdbc-3.46.0.0.jar:na]
	at org.sqlite.jdbc3.JDBC3Statement.execute(JDBC3Statement.java:43) ~[sqlite-jdbc-3.46.0.0.jar:na]
	at com.zaxxer.hikari.pool.ProxyStatement.execute(ProxyStatement.java:95) ~[HikariCP-6.3.3.jar:na]
	at com.zaxxer.hikari.pool.HikariProxyStatement.execute(HikariProxyStatement.java) ~[HikariCP-6.3.3.jar:na]
	at org.hibernate.tool.schema.internal.exec.GenerationTargetToDatabase.accept(GenerationTargetToDatabase.java:80) ~[hibernate-core-6.6.29.Final.jar:6.6.29.Final]
	... 38 common frames omitted

2025-10-26T09:30:38.221-05:00  INFO 12200 --- [SistemaBiblioteca] [JavaFX-Launcher] j.LocalContainerEntityManagerFactoryBean : Initialized JPA EntityManagerFactory for persistence unit 'default'
2025-10-26T09:30:39.059-05:00  INFO 12200 --- [SistemaBiblioteca] [JavaFX-Launcher] o.s.d.j.r.query.QueryEnhancerFactory     : Hibernate is in classpath; If applicable, HQL parser will be used.
2025-10-26T09:30:39.371-05:00  INFO 12200 --- [SistemaBiblioteca] [JavaFX-Launcher] o.s.boot.SpringApplication               : Started application in 8.356 seconds (process running for 10.796)
2025-10-26T09:30:45.391-05:00  INFO 12200 --- [SistemaBiblioteca] [SpringApplicationShutdownHook] j.LocalContainerEntityManagerFactoryBean : Closing JPA EntityManagerFactory for persistence unit 'default'
2025-10-26T09:30:45.395-05:00  INFO 12200 --- [SistemaBiblioteca] [SpringApplicationShutdownHook] com.zaxxer.hikari.HikariDataSource       : HikariPool-1 - Shutdown initiated...
2025-10-26T09:30:45.402-05:00  INFO 12200 --- [SistemaBiblioteca] [SpringApplicationShutdownHook] com.zaxxer.hikari.HikariDataSource       : HikariPool-1 - Shutdown completed.
2025-10-26T09:31:24.201-05:00  INFO 10440 --- [SistemaBiblioteca] [JavaFX-Launcher] o.s.boot.SpringApplication               : Starting application using Java 24 with PID 10440 (started by PC in C:\Users\PC\Documents\dg1000\codigos github\POO_examen_U2\SistemaBiblioteca)
2025-10-26T09:31:24.206-05:00  INFO 10440 --- [SistemaBiblioteca] [JavaFX-Launcher] o.s.boot.SpringApplication               : No active profile set, falling back to 1 default profile: "default"
2025-10-26T09:31:25.404-05:00  INFO 10440 --- [SistemaBiblioteca] [JavaFX-Launcher] .s.d.r.c.RepositoryConfigurationDelegate : Bootstrapping Spring Data JPA repositories in DEFAULT mode.
2025-10-26T09:31:25.562-05:00  INFO 10440 --- [SistemaBiblioteca] [JavaFX-Launcher] .s.d.r.c.RepositoryConfigurationDelegate : Finished Spring Data repository scanning in 141 ms. Found 7 JPA repository interfaces.
2025-10-26T09:31:26.169-05:00  INFO 10440 --- [SistemaBiblioteca] [JavaFX-Launcher] o.hibernate.jpa.internal.util.LogHelper  : HHH000204: Processing PersistenceUnitInfo [name: default]
2025-10-26T09:31:26.276-05:00  INFO 10440 --- [SistemaBiblioteca] [JavaFX-Launcher] org.hibernate.Version                    : HHH000412: Hibernate ORM core version 6.6.29.Final
2025-10-26T09:31:26.338-05:00  INFO 10440 --- [SistemaBiblioteca] [JavaFX-Launcher] o.h.c.internal.RegionFactoryInitiator    : HHH000026: Second-level cache disabled
2025-10-26T09:31:26.853-05:00  INFO 10440 --- [SistemaBiblioteca] [JavaFX-Launcher] o.s.o.j.p.SpringPersistenceUnitInfo      : No LoadTimeWeaver setup: ignoring JPA class transformer
2025-10-26T09:31:26.911-05:00  INFO 10440 --- [SistemaBiblioteca] [JavaFX-Launcher] com.zaxxer.hikari.HikariDataSource       : HikariPool-1 - Starting...
2025-10-26T09:31:27.216-05:00  INFO 10440 --- [SistemaBiblioteca] [JavaFX-Launcher] com.zaxxer.hikari.pool.HikariPool        : HikariPool-1 - Added connection org.sqlite.jdbc4.JDBC4Connection@67a1f745
2025-10-26T09:31:27.219-05:00  INFO 10440 --- [SistemaBiblioteca] [JavaFX-Launcher] com.zaxxer.hikari.HikariDataSource       : HikariPool-1 - Start completed.
2025-10-26T09:31:27.295-05:00  INFO 10440 --- [SistemaBiblioteca] [JavaFX-Launcher] org.hibernate.orm.connections.pooling    : HHH10001005: Database info:
	Database JDBC URL [Connecting through datasource 'HikariDataSource (HikariPool-1)']
	Database driver: undefined/unknown
	Database version: 3.46
	Autocommit mode: undefined/unknown
	Isolation level: undefined/unknown
	Minimum pool size: undefined/unknown
	Maximum pool size: undefined/unknown
2025-10-26T09:31:29.047-05:00  INFO 10440 --- [SistemaBiblioteca] [JavaFX-Launcher] o.h.e.t.j.p.i.JtaPlatformInitiator       : HHH000489: No JTA platform available (set 'hibernate.transaction.jta.platform' to enable JTA platform integration)
2025-10-26T09:31:29.132-05:00  INFO 10440 --- [SistemaBiblioteca] [JavaFX-Launcher] j.LocalContainerEntityManagerFactoryBean : Initialized JPA EntityManagerFactory for persistence unit 'default'
2025-10-26T09:31:29.906-05:00  INFO 10440 --- [SistemaBiblioteca] [JavaFX-Launcher] o.s.d.j.r.query.QueryEnhancerFactory     : Hibernate is in classpath; If applicable, HQL parser will be used.
2025-10-26T09:31:30.201-05:00  INFO 10440 --- [SistemaBiblioteca] [JavaFX-Launcher] o.s.boot.SpringApplication               : Started application in 6.894 seconds (process running for 8.288)
2025-10-26T09:31:34.806-05:00  INFO 10440 --- [SistemaBiblioteca] [SpringApplicationShutdownHook] j.LocalContainerEntityManagerFactoryBean : Closing JPA EntityManagerFactory for persistence unit 'default'
2025-10-26T09:31:34.811-05:00  INFO 10440 --- [SistemaBiblioteca] [SpringApplicationShutdownHook] com.zaxxer.hikari.HikariDataSource       : HikariPool-1 - Shutdown initiated...
2025-10-26T09:31:34.816-05:00  INFO 10440 --- [SistemaBiblioteca] [SpringApplicationShutdownHook] com.zaxxer.hikari.HikariDataSource       : HikariPool-1 - Shutdown completed.
2025-10-26T09:32:00.185-05:00  INFO 13704 --- [SistemaBiblioteca] [JavaFX-Launcher] o.s.boot.SpringApplication               : Starting application using Java 24 with PID 13704 (started by PC in C:\Users\PC\Documents\dg1000\codigos github\POO_examen_U2\SistemaBiblioteca)
2025-10-26T09:32:00.189-05:00  INFO 13704 --- [SistemaBiblioteca] [JavaFX-Launcher] o.s.boot.SpringApplication               : No active profile set, falling back to 1 default profile: "default"
2025-10-26T09:32:01.369-05:00  INFO 13704 --- [SistemaBiblioteca] [JavaFX-Launcher] .s.d.r.c.RepositoryConfigurationDelegate : Bootstrapping Spring Data JPA repositories in DEFAULT mode.
2025-10-26T09:32:01.533-05:00  INFO 13704 --- [SistemaBiblioteca] [JavaFX-Launcher] .s.d.r.c.RepositoryConfigurationDelegate : Finished Spring Data repository scanning in 141 ms. Found 7 JPA repository interfaces.
2025-10-26T09:32:02.167-05:00  INFO 13704 --- [SistemaBiblioteca] [JavaFX-Launcher] o.hibernate.jpa.internal.util.LogHelper  : HHH000204: Processing PersistenceUnitInfo [name: default]
2025-10-26T09:32:02.262-05:00  INFO 13704 --- [SistemaBiblioteca] [JavaFX-Launcher] org.hibernate.Version                    : HHH000412: Hibernate ORM core version 6.6.29.Final
2025-10-26T09:32:02.322-05:00  INFO 13704 --- [SistemaBiblioteca] [JavaFX-Launcher] o.h.c.internal.RegionFactoryInitiator    : HHH000026: Second-level cache disabled
2025-10-26T09:32:02.881-05:00  INFO 13704 --- [SistemaBiblioteca] [JavaFX-Launcher] o.s.o.j.p.SpringPersistenceUnitInfo      : No LoadTimeWeaver setup: ignoring JPA class transformer
2025-10-26T09:32:02.944-05:00  INFO 13704 --- [SistemaBiblioteca] [JavaFX-Launcher] com.zaxxer.hikari.HikariDataSource       : HikariPool-1 - Starting...
2025-10-26T09:32:03.272-05:00  INFO 13704 --- [SistemaBiblioteca] [JavaFX-Launcher] com.zaxxer.hikari.pool.HikariPool        : HikariPool-1 - Added connection org.sqlite.jdbc4.JDBC4Connection@16175a05
2025-10-26T09:32:03.275-05:00  INFO 13704 --- [SistemaBiblioteca] [JavaFX-Launcher] com.zaxxer.hikari.HikariDataSource       : HikariPool-1 - Start completed.
2025-10-26T09:32:03.346-05:00  INFO 13704 --- [SistemaBiblioteca] [JavaFX-Launcher] org.hibernate.orm.connections.pooling    : HHH10001005: Database info:
	Database JDBC URL [Connecting through datasource 'HikariDataSource (HikariPool-1)']
	Database driver: undefined/unknown
	Database version: 3.46
	Autocommit mode: undefined/unknown
	Isolation level: undefined/unknown
	Minimum pool size: undefined/unknown
	Maximum pool size: undefined/unknown
2025-10-26T09:32:05.041-05:00  INFO 13704 --- [SistemaBiblioteca] [JavaFX-Launcher] o.h.e.t.j.p.i.JtaPlatformInitiator       : HHH000489: No JTA platform available (set 'hibernate.transaction.jta.platform' to enable JTA platform integration)
2025-10-26T09:32:05.099-05:00  INFO 13704 --- [SistemaBiblioteca] [JavaFX-Launcher] j.LocalContainerEntityManagerFactoryBean : Initialized JPA EntityManagerFactory for persistence unit 'default'
2025-10-26T09:32:05.885-05:00  INFO 13704 --- [SistemaBiblioteca] [JavaFX-Launcher] o.s.d.j.r.query.QueryEnhancerFactory     : Hibernate is in classpath; If applicable, HQL parser will be used.
2025-10-26T09:32:06.188-05:00  INFO 13704 --- [SistemaBiblioteca] [JavaFX-Launcher] o.s.boot.SpringApplication               : Started application in 6.855 seconds (process running for 8.252)
2025-10-26T09:33:03.055-05:00  INFO 13704 --- [SistemaBiblioteca] [SpringApplicationShutdownHook] j.LocalContainerEntityManagerFactoryBean : Closing JPA EntityManagerFactory for persistence unit 'default'
2025-10-26T09:33:03.058-05:00  INFO 13704 --- [SistemaBiblioteca] [SpringApplicationShutdownHook] com.zaxxer.hikari.HikariDataSource       : HikariPool-1 - Shutdown initiated...
2025-10-26T09:33:03.062-05:00  INFO 13704 --- [SistemaBiblioteca] [SpringApplicationShutdownHook] com.zaxxer.hikari.HikariDataSource       : HikariPool-1 - Shutdown completed.
2025-10-26T09:55:40.688-05:00  INFO 2648 --- [SistemaBiblioteca] [JavaFX-Launcher] o.s.boot.SpringApplication               : Starting application using Java 24 with PID 2648 (started by PC in C:\Users\PC\Documents\dg1000\codigos github\POO_examen_U2\SistemaBiblioteca)
2025-10-26T09:55:40.695-05:00  INFO 2648 --- [SistemaBiblioteca] [JavaFX-Launcher] o.s.boot.SpringApplication               : No active profile set, falling back to 1 default profile: "default"
2025-10-26T09:55:41.877-05:00  INFO 2648 --- [SistemaBiblioteca] [JavaFX-Launcher] .s.d.r.c.RepositoryConfigurationDelegate : Bootstrapping Spring Data JPA repositories in DEFAULT mode.
2025-10-26T09:55:42.042-05:00  INFO 2648 --- [SistemaBiblioteca] [JavaFX-Launcher] .s.d.r.c.RepositoryConfigurationDelegate : Finished Spring Data repository scanning in 147 ms. Found 7 JPA repository interfaces.
2025-10-26T09:55:42.656-05:00  INFO 2648 --- [SistemaBiblioteca] [JavaFX-Launcher] o.hibernate.jpa.internal.util.LogHelper  : HHH000204: Processing PersistenceUnitInfo [name: default]
2025-10-26T09:55:42.752-05:00  INFO 2648 --- [SistemaBiblioteca] [JavaFX-Launcher] org.hibernate.Version                    : HHH000412: Hibernate ORM core version 6.6.29.Final
2025-10-26T09:55:42.810-05:00  INFO 2648 --- [SistemaBiblioteca] [JavaFX-Launcher] o.h.c.internal.RegionFactoryInitiator    : HHH000026: Second-level cache disabled
2025-10-26T09:55:43.371-05:00  INFO 2648 --- [SistemaBiblioteca] [JavaFX-Launcher] o.s.o.j.p.SpringPersistenceUnitInfo      : No LoadTimeWeaver setup: ignoring JPA class transformer
2025-10-26T09:55:43.425-05:00  INFO 2648 --- [SistemaBiblioteca] [JavaFX-Launcher] com.zaxxer.hikari.HikariDataSource       : HikariPool-1 - Starting...
2025-10-26T09:55:43.738-05:00  INFO 2648 --- [SistemaBiblioteca] [JavaFX-Launcher] com.zaxxer.hikari.pool.HikariPool        : HikariPool-1 - Added connection org.sqlite.jdbc4.JDBC4Connection@1dca6b99
2025-10-26T09:55:43.741-05:00  INFO 2648 --- [SistemaBiblioteca] [JavaFX-Launcher] com.zaxxer.hikari.HikariDataSource       : HikariPool-1 - Start completed.
2025-10-26T09:55:43.818-05:00  INFO 2648 --- [SistemaBiblioteca] [JavaFX-Launcher] org.hibernate.orm.connections.pooling    : HHH10001005: Database info:
	Database JDBC URL [Connecting through datasource 'HikariDataSource (HikariPool-1)']
	Database driver: undefined/unknown
	Database version: 3.46
	Autocommit mode: undefined/unknown
	Isolation level: undefined/unknown
	Minimum pool size: undefined/unknown
	Maximum pool size: undefined/unknown
2025-10-26T09:55:45.521-05:00  INFO 2648 --- [SistemaBiblioteca] [JavaFX-Launcher] o.h.e.t.j.p.i.JtaPlatformInitiator       : HHH000489: No JTA platform available (set 'hibernate.transaction.jta.platform' to enable JTA platform integration)
2025-10-26T09:55:45.577-05:00  INFO 2648 --- [SistemaBiblioteca] [JavaFX-Launcher] j.LocalContainerEntityManagerFactoryBean : Initialized JPA EntityManagerFactory for persistence unit 'default'
2025-10-26T09:55:46.406-05:00  INFO 2648 --- [SistemaBiblioteca] [JavaFX-Launcher] o.s.d.j.r.query.QueryEnhancerFactory     : Hibernate is in classpath; If applicable, HQL parser will be used.
2025-10-26T09:55:46.707-05:00  INFO 2648 --- [SistemaBiblioteca] [JavaFX-Launcher] o.s.boot.SpringApplication               : Started application in 6.906 seconds (process running for 8.316)
2025-10-26T09:56:01.093-05:00  INFO 2648 --- [SistemaBiblioteca] [SpringApplicationShutdownHook] j.LocalContainerEntityManagerFactoryBean : Closing JPA EntityManagerFactory for persistence unit 'default'
2025-10-26T09:56:01.097-05:00  INFO 2648 --- [SistemaBiblioteca] [SpringApplicationShutdownHook] com.zaxxer.hikari.HikariDataSource       : HikariPool-1 - Shutdown initiated...
2025-10-26T09:56:01.101-05:00  INFO 2648 --- [SistemaBiblioteca] [SpringApplicationShutdownHook] com.zaxxer.hikari.HikariDataSource       : HikariPool-1 - Shutdown completed.
2025-10-26T10:24:47.755-05:00  INFO 9400 --- [SistemaBiblioteca] [JavaFX-Launcher] o.s.boot.SpringApplication               : Starting application using Java 24 with PID 9400 (started by PC in C:\Users\PC\Documents\dg1000\codigos github\POO_examen_U2\SistemaBiblioteca)
2025-10-26T10:24:47.760-05:00  INFO 9400 --- [SistemaBiblioteca] [JavaFX-Launcher] o.s.boot.SpringApplication               : No active profile set, falling back to 1 default profile: "default"
2025-10-26T10:24:49.326-05:00  INFO 9400 --- [SistemaBiblioteca] [JavaFX-Launcher] .s.d.r.c.RepositoryConfigurationDelegate : Bootstrapping Spring Data JPA repositories in DEFAULT mode.
2025-10-26T10:24:49.482-05:00  INFO 9400 --- [SistemaBiblioteca] [JavaFX-Launcher] .s.d.r.c.RepositoryConfigurationDelegate : Finished Spring Data repository scanning in 134 ms. Found 7 JPA repository interfaces.
2025-10-26T10:24:50.075-05:00  INFO 9400 --- [SistemaBiblioteca] [JavaFX-Launcher] o.hibernate.jpa.internal.util.LogHelper  : HHH000204: Processing PersistenceUnitInfo [name: default]
2025-10-26T10:24:50.182-05:00  INFO 9400 --- [SistemaBiblioteca] [JavaFX-Launcher] org.hibernate.Version                    : HHH000412: Hibernate ORM core version 6.6.29.Final
2025-10-26T10:24:50.253-05:00  INFO 9400 --- [SistemaBiblioteca] [JavaFX-Launcher] o.h.c.internal.RegionFactoryInitiator    : HHH000026: Second-level cache disabled
2025-10-26T10:24:50.875-05:00  INFO 9400 --- [SistemaBiblioteca] [JavaFX-Launcher] o.s.o.j.p.SpringPersistenceUnitInfo      : No LoadTimeWeaver setup: ignoring JPA class transformer
2025-10-26T10:24:50.944-05:00  INFO 9400 --- [SistemaBiblioteca] [JavaFX-Launcher] com.zaxxer.hikari.HikariDataSource       : HikariPool-1 - Starting...
2025-10-26T10:24:51.298-05:00  INFO 9400 --- [SistemaBiblioteca] [JavaFX-Launcher] com.zaxxer.hikari.pool.HikariPool        : HikariPool-1 - Added connection org.sqlite.jdbc4.JDBC4Connection@7ce274c9
2025-10-26T10:24:51.301-05:00  INFO 9400 --- [SistemaBiblioteca] [JavaFX-Launcher] com.zaxxer.hikari.HikariDataSource       : HikariPool-1 - Start completed.
2025-10-26T10:24:51.359-05:00  INFO 9400 --- [SistemaBiblioteca] [JavaFX-Launcher] org.hibernate.orm.connections.pooling    : HHH10001005: Database info:
	Database JDBC URL [Connecting through datasource 'HikariDataSource (HikariPool-1)']
	Database driver: undefined/unknown
	Database version: 3.46
	Autocommit mode: undefined/unknown
	Isolation level: undefined/unknown
	Minimum pool size: undefined/unknown
	Maximum pool size: undefined/unknown
2025-10-26T10:24:53.276-05:00  INFO 9400 --- [SistemaBiblioteca] [JavaFX-Launcher] o.h.e.t.j.p.i.JtaPlatformInitiator       : HHH000489: No JTA platform available (set 'hibernate.transaction.jta.platform' to enable JTA platform integration)
2025-10-26T10:24:53.343-05:00  INFO 9400 --- [SistemaBiblioteca] [JavaFX-Launcher] j.LocalContainerEntityManagerFactoryBean : Initialized JPA EntityManagerFactory for persistence unit 'default'
2025-10-26T10:24:54.165-05:00  INFO 9400 --- [SistemaBiblioteca] [JavaFX-Launcher] o.s.d.j.r.query.QueryEnhancerFactory     : Hibernate is in classpath; If applicable, HQL parser will be used.
2025-10-26T10:24:54.473-05:00  INFO 9400 --- [SistemaBiblioteca] [JavaFX-Launcher] o.s.boot.SpringApplication               : Started application in 7.611 seconds (process running for 9.007)
2025-10-26T10:25:58.002-05:00  INFO 9400 --- [SistemaBiblioteca] [SpringApplicationShutdownHook] j.LocalContainerEntityManagerFactoryBean : Closing JPA EntityManagerFactory for persistence unit 'default'
2025-10-26T10:25:58.006-05:00  INFO 9400 --- [SistemaBiblioteca] [SpringApplicationShutdownHook] com.zaxxer.hikari.HikariDataSource       : HikariPool-1 - Shutdown initiated...
2025-10-26T10:25:58.010-05:00  INFO 9400 --- [SistemaBiblioteca] [SpringApplicationShutdownHook] com.zaxxer.hikari.HikariDataSource       : HikariPool-1 - Shutdown completed.
2025-10-26T10:27:47.573-05:00  INFO 10148 --- [SistemaBiblioteca] [JavaFX-Launcher] o.s.boot.SpringApplication               : Starting application using Java 24 with PID 10148 (started by PC in C:\Users\PC\Documents\dg1000\codigos github\POO_examen_U2\SistemaBiblioteca)
2025-10-26T10:27:47.581-05:00  INFO 10148 --- [SistemaBiblioteca] [JavaFX-Launcher] o.s.boot.SpringApplication               : No active profile set, falling back to 1 default profile: "default"
2025-10-26T10:27:48.827-05:00  INFO 10148 --- [SistemaBiblioteca] [JavaFX-Launcher] .s.d.r.c.RepositoryConfigurationDelegate : Bootstrapping Spring Data JPA repositories in DEFAULT mode.
2025-10-26T10:27:48.977-05:00  INFO 10148 --- [SistemaBiblioteca] [JavaFX-Launcher] .s.d.r.c.RepositoryConfigurationDelegate : Finished Spring Data repository scanning in 133 ms. Found 7 JPA repository interfaces.
2025-10-26T10:27:49.588-05:00  INFO 10148 --- [SistemaBiblioteca] [JavaFX-Launcher] o.hibernate.jpa.internal.util.LogHelper  : HHH000204: Processing PersistenceUnitInfo [name: default]
2025-10-26T10:27:49.686-05:00  INFO 10148 --- [SistemaBiblioteca] [JavaFX-Launcher] org.hibernate.Version                    : HHH000412: Hibernate ORM core version 6.6.29.Final
2025-10-26T10:27:49.764-05:00  INFO 10148 --- [SistemaBiblioteca] [JavaFX-Launcher] o.h.c.internal.RegionFactoryInitiator    : HHH000026: Second-level cache disabled
2025-10-26T10:27:50.321-05:00  INFO 10148 --- [SistemaBiblioteca] [JavaFX-Launcher] o.s.o.j.p.SpringPersistenceUnitInfo      : No LoadTimeWeaver setup: ignoring JPA class transformer
2025-10-26T10:27:50.377-05:00  INFO 10148 --- [SistemaBiblioteca] [JavaFX-Launcher] com.zaxxer.hikari.HikariDataSource       : HikariPool-1 - Starting...
2025-10-26T10:27:50.704-05:00  INFO 10148 --- [SistemaBiblioteca] [JavaFX-Launcher] com.zaxxer.hikari.pool.HikariPool        : HikariPool-1 - Added connection org.sqlite.jdbc4.JDBC4Connection@32aecfe5
2025-10-26T10:27:50.708-05:00  INFO 10148 --- [SistemaBiblioteca] [JavaFX-Launcher] com.zaxxer.hikari.HikariDataSource       : HikariPool-1 - Start completed.
2025-10-26T10:27:50.778-05:00  INFO 10148 --- [SistemaBiblioteca] [JavaFX-Launcher] org.hibernate.orm.connections.pooling    : HHH10001005: Database info:
	Database JDBC URL [Connecting through datasource 'HikariDataSource (HikariPool-1)']
	Database driver: undefined/unknown
	Database version: 3.46
	Autocommit mode: undefined/unknown
	Isolation level: undefined/unknown
	Minimum pool size: undefined/unknown
	Maximum pool size: undefined/unknown
2025-10-26T10:27:52.489-05:00  INFO 10148 --- [SistemaBiblioteca] [JavaFX-Launcher] o.h.e.t.j.p.i.JtaPlatformInitiator       : HHH000489: No JTA platform available (set 'hibernate.transaction.jta.platform' to enable JTA platform integration)
2025-10-26T10:27:52.545-05:00  INFO 10148 --- [SistemaBiblioteca] [JavaFX-Launcher] j.LocalContainerEntityManagerFactoryBean : Initialized JPA EntityManagerFactory for persistence unit 'default'
2025-10-26T10:27:53.320-05:00  INFO 10148 --- [SistemaBiblioteca] [JavaFX-Launcher] o.s.d.j.r.query.QueryEnhancerFactory     : Hibernate is in classpath; If applicable, HQL parser will be used.
2025-10-26T10:27:53.625-05:00  INFO 10148 --- [SistemaBiblioteca] [JavaFX-Launcher] o.s.boot.SpringApplication               : Started application in 6.949 seconds (process running for 8.335)
2025-10-26T10:36:23.980-05:00  INFO 10148 --- [SistemaBiblioteca] [SpringApplicationShutdownHook] j.LocalContainerEntityManagerFactoryBean : Closing JPA EntityManagerFactory for persistence unit 'default'
2025-10-26T10:36:23.983-05:00  INFO 10148 --- [SistemaBiblioteca] [SpringApplicationShutdownHook] com.zaxxer.hikari.HikariDataSource       : HikariPool-1 - Shutdown initiated...
2025-10-26T10:36:23.989-05:00  INFO 10148 --- [SistemaBiblioteca] [SpringApplicationShutdownHook] com.zaxxer.hikari.HikariDataSource       : HikariPool-1 - Shutdown completed.
2025-10-26T10:36:32.640-05:00  INFO 8732 --- [SistemaBiblioteca] [JavaFX-Launcher] o.s.boot.SpringApplication               : Starting application using Java 24 with PID 8732 (started by PC in C:\Users\PC\Documents\dg1000\codigos github\POO_examen_U2\SistemaBiblioteca)
2025-10-26T10:36:32.645-05:00  INFO 8732 --- [SistemaBiblioteca] [JavaFX-Launcher] o.s.boot.SpringApplication               : No active profile set, falling back to 1 default profile: "default"
2025-10-26T10:36:33.946-05:00  INFO 8732 --- [SistemaBiblioteca] [JavaFX-Launcher] .s.d.r.c.RepositoryConfigurationDelegate : Bootstrapping Spring Data JPA repositories in DEFAULT mode.
2025-10-26T10:36:34.114-05:00  INFO 8732 --- [SistemaBiblioteca] [JavaFX-Launcher] .s.d.r.c.RepositoryConfigurationDelegate : Finished Spring Data repository scanning in 148 ms. Found 7 JPA repository interfaces.
2025-10-26T10:36:34.747-05:00  INFO 8732 --- [SistemaBiblioteca] [JavaFX-Launcher] o.hibernate.jpa.internal.util.LogHelper  : HHH000204: Processing PersistenceUnitInfo [name: default]
2025-10-26T10:36:34.840-05:00  INFO 8732 --- [SistemaBiblioteca] [JavaFX-Launcher] org.hibernate.Version                    : HHH000412: Hibernate ORM core version 6.6.29.Final
2025-10-26T10:36:34.898-05:00  INFO 8732 --- [SistemaBiblioteca] [JavaFX-Launcher] o.h.c.internal.RegionFactoryInitiator    : HHH000026: Second-level cache disabled
2025-10-26T10:36:35.417-05:00  INFO 8732 --- [SistemaBiblioteca] [JavaFX-Launcher] o.s.o.j.p.SpringPersistenceUnitInfo      : No LoadTimeWeaver setup: ignoring JPA class transformer
2025-10-26T10:36:35.480-05:00  INFO 8732 --- [SistemaBiblioteca] [JavaFX-Launcher] com.zaxxer.hikari.HikariDataSource       : HikariPool-1 - Starting...
2025-10-26T10:36:35.814-05:00  INFO 8732 --- [SistemaBiblioteca] [JavaFX-Launcher] com.zaxxer.hikari.pool.HikariPool        : HikariPool-1 - Added connection org.sqlite.jdbc4.JDBC4Connection@47f08412
2025-10-26T10:36:35.817-05:00  INFO 8732 --- [SistemaBiblioteca] [JavaFX-Launcher] com.zaxxer.hikari.HikariDataSource       : HikariPool-1 - Start completed.
2025-10-26T10:36:35.888-05:00  INFO 8732 --- [SistemaBiblioteca] [JavaFX-Launcher] org.hibernate.orm.connections.pooling    : HHH10001005: Database info:
	Database JDBC URL [Connecting through datasource 'HikariDataSource (HikariPool-1)']
	Database driver: undefined/unknown
	Database version: 3.46
	Autocommit mode: undefined/unknown
	Isolation level: undefined/unknown
	Minimum pool size: undefined/unknown
	Maximum pool size: undefined/unknown
2025-10-26T10:36:37.785-05:00  INFO 8732 --- [SistemaBiblioteca] [JavaFX-Launcher] o.h.e.t.j.p.i.JtaPlatformInitiator       : HHH000489: No JTA platform available (set 'hibernate.transaction.jta.platform' to enable JTA platform integration)
2025-10-26T10:36:37.852-05:00  INFO 8732 --- [SistemaBiblioteca] [JavaFX-Launcher] j.LocalContainerEntityManagerFactoryBean : Initialized JPA EntityManagerFactory for persistence unit 'default'
2025-10-26T10:36:38.695-05:00  INFO 8732 --- [SistemaBiblioteca] [JavaFX-Launcher] o.s.d.j.r.query.QueryEnhancerFactory     : Hibernate is in classpath; If applicable, HQL parser will be used.
2025-10-26T10:36:39.001-05:00  INFO 8732 --- [SistemaBiblioteca] [JavaFX-Launcher] o.s.boot.SpringApplication               : Started application in 7.275 seconds (process running for 8.695)
2025-10-26T10:36:51.139-05:00  INFO 8732 --- [SistemaBiblioteca] [SpringApplicationShutdownHook] j.LocalContainerEntityManagerFactoryBean : Closing JPA EntityManagerFactory for persistence unit 'default'
2025-10-26T10:36:51.142-05:00  INFO 8732 --- [SistemaBiblioteca] [SpringApplicationShutdownHook] com.zaxxer.hikari.HikariDataSource       : HikariPool-1 - Shutdown initiated...
2025-10-26T10:36:51.145-05:00  INFO 8732 --- [SistemaBiblioteca] [SpringApplicationShutdownHook] com.zaxxer.hikari.HikariDataSource       : HikariPool-1 - Shutdown completed.
